<?xml version="1.0" encoding="UTF-8"?>
<persistence xmlns:xsi="http://www.w3.org/2001/XMLSchema-instance" version="2.0"
             xmlns="http://java.sun.com/xml/ns/persistence"
             xsi:schemaLocation="
        http://java.sun.com/xml/ns/persistence
        http://java.sun.com/xml/ns/persistence/persistence_2_0.xsd">
    <persistence-unit name="bob">
        <!-- Use this jta-data-source if you're testing on JBoss AS 7.1 (setup by jbossas-ds.xml) -->
        <jta-data-source>jdbc/arquillian</jta-data-source>

        <!-- Use this jta-data-source if you're testing on JBoss AS 7.0 -->
        <!-- Optionally, you can setup a DataSource with this name in your JBoss AS 7.0 installation -->

        <!--<jta-data-source>java:jboss/datasources/ExampleDS</jta-data-source>-->

        <properties>
            <property name="hibernate.hbm2ddl.auto" value="create-drop"/>
            <property name="hibernate.hbm2ddl.import_files_sql_extractor"
                      value="org.hibernate.tool.hbm2ddl.MultipleLinesSqlCommandExtractor"/>
            <property name="hibernate.show_sql" value="true"/>
        </properties>
    </persistence-unit>
</persistence>