<?xml version="1.0" encoding="UTF-8"?>
<!--
Copyright 2018 DNAstack.

Licensed under the Apache License, Version 2.0 (the "License");
you may not use this file except in compliance with the License.
You may obtain a copy of the License at

     http://www.apache.org/licenses/LICENSE-2.0

Unless required by applicable law or agreed to in writing, software
distributed under the License is distributed on an "AS IS" BASIS,
WITHOUT WARRANTIES OR CONDITIONS OF ANY KIND, either express or implied.
See the License for the specific language governing permissions and
limitations under the License.
-->

<persistence xmlns:xsi="http://www.w3.org/2001/XMLSchema-instance" version="2.0"
             xmlns="http://java.sun.com/xml/ns/persistence"
             xsi:schemaLocation="
        http://java.sun.com/xml/ns/persistence
        http://java.sun.com/xml/ns/persistence/persistence_2_0.xsd">
    <persistence-unit name="bob">
        <!-- Use this jta-data-source if you're testing on JBoss AS 7.1 (setup by jbossas-ds.xml) -->
        <jta-data-source>jdbc/arquillian</jta-data-source>

        <!-- Use this jta-data-source if you're testing on JBoss AS 7.0 -->
        <!-- Optionally, you can setup a DataSource with this name in your JBoss AS 7.0 installation -->

        <!--<jta-data-source>java:jboss/datasources/ExampleDS</jta-data-source>-->

        <properties>
            <property name="hibernate.hbm2ddl.auto" value="create-drop"/>
            <property name="hibernate.hbm2ddl.import_files_sql_extractor"
                      value="org.hibernate.tool.hbm2ddl.MultipleLinesSqlCommandExtractor"/>
            <property name="hibernate.show_sql" value="true"/>
        </properties>
    </persistence-unit>
</persistence>